# JRE version: OpenJDK Runtime Environment (21.0.10+7) (build 21.0.10+7-Ubuntu-124.04)
# Java VM: OpenJDK 64-Bit Server VM (21.0.10+7-Ubuntu-124.04, mixed mode, sharing, tiered, compressed oops, compressed class ptrs, g1 gc, linux-amd64)
GC Precious Log:
 CardTable entry size: 512
 Card Set container configuration: InlinePtr #cards 4 size 8 Array Of Cards #cards 16 size 48 Howl #buckets 8 coarsen threshold 3686 Howl Bitmap #cards 512 size 80 coarsen threshold 460 Card regions per heap region 1 cards per card region 4096
 CPUs: 4 total, 4 available
 Memory: 9856M
 Large Page Support: Disabled
 NUMA Support: Disabled
 Compressed Oops: Enabled (Zero based)
 Heap Region Size: 2M
 Heap Min Capacity: 8M
 Heap Initial Capacity: 156M
 Heap Max Capacity: 2466M
 Pre-touch: Disabled
 Parallel Workers: 4
 Concurrent Workers: 1
 Concurrent Refinement Workers: 4
 Periodic GC: Disabled
Heap:
 garbage-first heap   total 161792K, used 96366K [0x0000000765e00000, 0x0000000800000000)
  region size 2048K, 49 young (100352K), 6 survivors (12288K)
 Metaspace       used 14384K, committed 14720K, reserved 1114112K
  class space    used 1566K, committed 1728K, reserved 1048576K
GC Heap History (7 events):
Event: 0.325 GC heap before
{Heap before GC invocations=0 (full 0):
 garbage-first heap   total 161792K, used 13361K [0x0000000765e00000, 0x0000000800000000)
  region size 2048K, 6 young (12288K), 0 survivors (0K)
 Metaspace       used 4122K, committed 4224K, reserved 1114112K
  class space    used 436K, committed 512K, reserved 1048576K
}
Event: 0.328 GC heap after
{Heap after GC invocations=1 (full 0):
 garbage-first heap   total 161792K, used 3548K [0x0000000765e00000, 0x0000000800000000)
  region size 2048K, 1 young (2048K), 1 survivors (2048K)
 Metaspace       used 4122K, committed 4224K, reserved 1114112K
  class space    used 436K, committed 512K, reserved 1048576K
}
Event: 0.500 GC heap before
{Heap before GC invocations=1 (full 0):
 garbage-first heap   total 161792K, used 15836K [0x0000000765e00000, 0x0000000800000000)
  region size 2048K, 7 young (14336K), 1 survivors (2048K)
 Metaspace       used 5800K, committed 5952K, reserved 1114112K
  class space    used 658K, committed 704K, reserved 1048576K
}
Event: 0.504 GC heap after
{Heap after GC invocations=2 (full 0):
 garbage-first heap   total 161792K, used 4179K [0x0000000765e00000, 0x0000000800000000)
  region size 2048K, 1 young (2048K), 1 survivors (2048K)
 Metaspace       used 5800K, committed 5952K, reserved 1114112K
  class space    used 658K, committed 704K, reserved 1048576K
}
Event: 1.203 GC heap before
{Heap before GC invocations=2 (full 0):
 garbage-first heap   total 161792K, used 36947K [0x0000000765e00000, 0x0000000800000000)
  region size 2048K, 18 young (36864K), 1 survivors (2048K)
 Metaspace       used 13007K, committed 13248K, reserved 1114112K
  class space    used 1508K, committed 1600K, reserved 1048576K
}
Event: 1.209 GC heap after
{Heap after GC invocations=3 (full 0):
 garbage-first heap   total 161792K, used 8302K [0x0000000765e00000, 0x0000000800000000)
  region size 2048K, 3 young (6144K), 3 survivors (6144K)
 Metaspace       used 13007K, committed 13248K, reserved 1114112K
  class space    used 1508K, committed 1600K, reserved 1048576K
}
Event: 1.854 GC heap before
{Heap before GC invocations=3 (full 0):
 garbage-first heap   total 161792K, used 96366K [0x0000000765e00000, 0x0000000800000000)
  region size 2048K, 46 young (94208K), 3 survivors (6144K)
 Metaspace       used 14384K, committed 14720K, reserved 1114112K
  class space    used 1566K, committed 1728K, reserved 1048576K
}

